Container timezone set to: Europe/Moscow
/opt/levitan/run_java.sh: line 6: /etc/timezone: Permission denied
Picked up JAVA_TOOL_OPTIONS: -Dfile.encoding=UTF8
WARNING: Unknown module: jdk.management specified to --add-opens

  E    R    U    D    I    T    E
  _                _ _
 | |              (_) |
 | |     _____   ___| |_ __ _ _ __
 | |    / _ \ \ / / | __/ _` | '_ \
 | |___|  __/\ V /| | || (_| | | | |
 |______\___| \_/ |_|\__\__,_|_| |_|

2023-01-19 15:40:53.296  INFO []  [           main] ru.naumen.levitan.Application            : Starting Application v0.0.1-SNAPSHOT using Java 17.0.2 on bcac117a8b0a with PID 11 (/opt/levitan/levitan-run.jar started by erudite in /opt/levitan)
2023-01-19 15:40:53.354  INFO []  [           main] ru.naumen.levitan.Application            : No active profile set, falling back to 1 default profile: "default"
2023-01-19 15:40:58.161  INFO []  [           main] .s.d.r.c.RepositoryConfigurationDelegate : Bootstrapping Spring Data JPA repositories in DEFAULT mode.
2023-01-19 15:40:58.589  INFO []  [           main] .s.d.r.c.RepositoryConfigurationDelegate : Finished Spring Data repository scanning in 400 ms. Found 5 JPA repository interfaces.
2023-01-19 15:40:59.181  INFO []  [           main] ru.naumen.levitan.configs.LevitanConfig  : Code version: 22.12.2.2,22.12.2.3
2023-01-19 15:40:59.182  INFO []  [           main] ru.naumen.levitan.configs.LevitanConfig  : Build info: branch='22.12.2.3', time='2023-01-18T14:42:17+0000', commit='2b87515', tags='22.12.2.2,22.12.2.3'
2023-01-19 15:40:59.557  INFO []  [           main] trationDelegate$BeanPostProcessorChecker : Bean 'javaMelodyConfig' of type [ru.naumen.levitan.configs.JavaMelodyConfig$$EnhancerBySpringCGLIB$$582532e9] is not eligible for getting processed by all BeanPostProcessors (for example: not eligible for auto-proxying)
2023-01-19 15:41:00.217  INFO []  [           main] org.eclipse.jetty.util.log               : Logging initialized @11469ms to org.eclipse.jetty.util.log.Slf4jLog
2023-01-19 15:41:00.514  INFO []  [           main] o.s.b.w.e.j.JettyServletWebServerFactory : Server initialized with port: 8282
2023-01-19 15:41:00.521  INFO []  [           main] org.eclipse.jetty.server.Server          : jetty-9.4.48.v20220622; built: 2022-06-21T20:42:25.880Z; git: 6b67c5719d1f4371b33655ff2d047d24e171e49a; jvm 17.0.2+8-86
2023-01-19 15:41:00.587  INFO []  [           main] o.e.j.s.h.ContextHandler.application     : Initializing Spring embedded WebApplicationContext
2023-01-19 15:41:00.587  INFO []  [           main] w.s.c.ServletWebServerApplicationContext : Root WebApplicationContext: initialization completed in 6986 ms
2023-01-19 15:41:00.764  WARN []  [           main] i.m.c.i.binder.jvm.JvmGcMetrics          : GC notifications will not be available because com.sun.management.GarbageCollectionNotificationInfo is not present
2023-01-19 15:41:01.331  INFO []  [           main] org.reflections.Reflections              : Reflections took 345 ms to scan 2 urls, producing 194 keys and 779 values 
2023-01-19 15:41:04.670  INFO []  [           main] org.eclipse.jetty.server.session         : DefaultSessionIdManager workerName=node0
2023-01-19 15:41:04.671  INFO []  [           main] org.eclipse.jetty.server.session         : No SessionScavenger set, using defaults
2023-01-19 15:41:04.677  INFO []  [           main] org.eclipse.jetty.server.session         : node0 Scavenging every 660000ms
2023-01-19 15:41:04.721  INFO []  [           main] o.e.jetty.server.handler.ContextHandler  : Started o.s.b.w.e.j.JettyEmbeddedWebAppContext@380e1909{application,/,[file:///tmp/jetty-docbase.8282.6098323032667031788/, jar:file:/opt/levitan/levitan-run.jar!/BOOT-INF/lib/swagger-ui-3.51.1.jar!/META-INF/resources],AVAILABLE}
2023-01-19 15:41:04.722  INFO []  [           main] org.eclipse.jetty.server.Server          : Started @15976ms
2023-01-19 15:41:04.958  INFO []  [           main] o.f.c.internal.license.VersionPrinter    : Flyway Community Edition 7.7.3 by Redgate
2023-01-19 15:41:05.019  INFO []  [           main] com.zaxxer.hikari.HikariDataSource       : primaryPool - Starting...
2023-01-19 15:41:05.456  INFO []  [           main] com.zaxxer.hikari.HikariDataSource       : primaryPool - Start completed.
2023-01-19 15:41:05.656  INFO []  [           main] o.f.c.i.database.base.DatabaseType       : Database: jdbc:postgresql://pgdb:5432/levitan_db (PostgreSQL 11.13)
2023-01-19 15:41:05.811  INFO []  [           main] o.f.core.internal.command.DbValidate     : Successfully validated 7 migrations (execution time 00:00.071s)
2023-01-19 15:41:05.833  INFO []  [           main] o.f.core.internal.command.DbMigrate      : Current version of schema "public": 7
2023-01-19 15:41:05.835  INFO []  [           main] o.f.core.internal.command.DbMigrate      : Schema "public" is up to date. No migration necessary.
2023-01-19 15:41:06.043  INFO []  [           main] o.hibernate.jpa.internal.util.LogHelper  : HHH000204: Processing PersistenceUnitInfo [name: default]
2023-01-19 15:41:06.264  INFO []  [           main] org.hibernate.Version                    : HHH000412: Hibernate ORM core version 5.6.10.Final
2023-01-19 15:41:06.976  INFO []  [           main] o.hibernate.annotations.common.Version   : HCANN000001: Hibernate Commons Annotations {5.1.2.Final}
2023-01-19 15:41:07.332  INFO []  [           main] org.hibernate.dialect.Dialect            : HHH000400: Using dialect: ru.naumen.levitan.configs.PGSQLMapDialect
2023-01-19 15:41:09.842  INFO []  [           main] o.h.e.t.j.p.i.JtaPlatformInitiator       : HHH000490: Using JtaPlatform implementation: [org.hibernate.engine.transaction.jta.platform.internal.NoJtaPlatform]
2023-01-19 15:41:09.879  INFO []  [           main] j.LocalContainerEntityManagerFactoryBean : Initialized JPA EntityManagerFactory for persistence unit 'default'
2023-01-19 15:41:10.086  INFO []  [           main] ru.naumen.levitan.configs.LevitanConfig  : Masking enabled: false
2023-01-19 15:41:10.390  INFO []  [           main] net.bramp.ffmpeg.RunProcessFunction      : /usr/bin/ffmpeg -version
2023-01-19 15:41:11.005  WARN []  [           main] JpaBaseConfiguration$JpaWebConfiguration : spring.jpa.open-in-view is enabled by default. Therefore, database queries may be performed during view rendering. Explicitly configure spring.jpa.open-in-view to disable this warning
2023-01-19 15:41:13.948  INFO []  [           main] r.n.c.c.c.impl.ClusterSyncServiceImpl    : getActiveMembers - [ok], active members so far: {} [236 ms]
2023-01-19 15:41:14.001  INFO []  [           main] r.n.c.c.c.impl.ClusterSyncServiceImpl    : fetchMachineId - [ok], member id: 9b4abdf0-f0f5-4112-af98-efc013924a4a, current cluster: 9b4abdf0-f0f5-4112-af98-efc013924a4a; machine ids by member ids: {}; taking new machine id: 0 [52 ms]
2023-01-19 15:41:14.019  INFO []  [           main] r.n.c.c.c.impl.ClusterSyncServiceImpl    : tryBecomeActive - [became active], active member after lock: null [3 ms]
2023-01-19 15:41:14.021  INFO []  [           main] r.n.c.c.c.impl.ClusterSyncServiceImpl    : tryBecomeActiveOnStart - [done], group: CHAT [18 ms]
2023-01-19 15:41:14.025  INFO []  [           main] r.n.c.c.c.impl.ClusterSyncServiceImpl    : tryBecomeActive - [became active], active member after lock: null [3 ms]
2023-01-19 15:41:14.026  INFO []  [           main] r.n.c.c.c.impl.ClusterSyncServiceImpl    : tryBecomeActiveOnStart - [done], group: DIALOG [5 ms]
2023-01-19 15:41:14.031  INFO []  [           main] r.n.c.c.c.impl.ClusterSyncServiceImpl    : tryBecomeActive - [became active], active member after lock: null [3 ms]
2023-01-19 15:41:14.031  INFO []  [           main] r.n.c.c.c.impl.ClusterSyncServiceImpl    : tryBecomeActiveOnStart - [done], group: ML [5 ms]
2023-01-19 15:41:14.126  INFO []  [           main] r.n.c.c.c.impl.ClusterSyncServiceImpl    : logClusterInfo - [{machineIdsByMemberId={9b4abdf0-f0f5-4112-af98-efc013924a4a=0}, hazelcastMemberIds=[9b4abdf0-f0f5-4112-af98-efc013924a4a], machineId=0, memberId=9b4abdf0-f0f5-4112-af98-efc013924a4a}],  [94 ms]
2023-01-19 15:41:14.315  INFO []  [           main] r.n.l.s.l.processing.LicenseServiceImpl  : readLicenseFile - [ok], path: /opt/naumen/replicated/levitan/storage/licenses/4904.lic.json; config: License{sessions=60, expires=1921449600000, company='NAUMEN/vt-test-22.11.1 (Erudite)', licenseType='productional', id=4904} [157 ms]
2023-01-19 15:41:14.320  INFO []  [           main] r.n.l.s.l.processing.LicenseServiceImpl  : readLicenseFile - [ok], path: /opt/naumen/replicated/levitan/storage/licenses/4840.lic.json; config: License{sessions=60, expires=1917820800000, company='NAUMEN/vt-ubrir-erudite (Erudite)', licenseType='productional', id=4840} [5 ms]
2023-01-19 15:41:14.323  INFO []  [           main] r.n.l.s.l.processing.LicenseServiceImpl  : readLicenseConfigs - [ok], directory path: /opt/naumen/replicated/levitan/storage/licenses; directory loaded, found: 0 [180 ms]
2023-01-19 15:41:16.577  INFO []  [           main] r.n.l.s.a.yandex.YandexTokenServiceImpl  : downloadToken - [ok],  [1 ms]
2023-01-19 15:41:16.582  INFO []  [           main] r.n.l.s.a.yandex.YandexTokenServiceImpl  : changeToken - [ok],  [8 ms]
2023-01-19 15:41:21.243  INFO []  [           main] g.s.a.GrpcServerFactoryAutoConfiguration : Detected grpc-netty-shaded: Creating ShadedNettyGrpcServerFactory
2023-01-19 15:41:21.293  INFO []  [           main] n.d.b.g.c.a.GrpcClientAutoConfiguration  : Detected grpc-netty-shaded: Creating ShadedNettyChannelFactory + InProcessChannelFactory
2023-01-19 15:41:21.987  INFO []  [           main] o.s.s.web.DefaultSecurityFilterChain     : Will secure Or [ru.naumen.levitan.configs.SecurityConfigs$BasicApiSecurityConfigurationAdapter$$Lambda$1459/0x0000000100e5dec0@186dcb05] with [org.springframework.security.web.session.DisableEncodeUrlFilter@1d0dad12, org.springframework.security.web.context.request.async.WebAsyncManagerIntegrationFilter@3c6fb501, org.springframework.security.web.context.SecurityContextPersistenceFilter@11f9b95a, org.springframework.security.web.header.HeaderWriterFilter@6866e740, org.springframework.security.web.authentication.logout.LogoutFilter@7e1762e6, org.springframework.security.web.authentication.www.BasicAuthenticationFilter@be1c08a, org.springframework.security.web.savedrequest.RequestCacheAwareFilter@687e561b, org.springframework.security.web.servletapi.SecurityContextHolderAwareRequestFilter@4f7ae05, org.springframework.security.web.authentication.AnonymousAuthenticationFilter@58a8ea6f, org.springframework.security.web.session.SessionManagementFilter@1468e880, org.springframework.security.web.access.ExceptionTranslationFilter@14993306, org.springframework.security.web.access.intercept.FilterSecurityInterceptor@6a0c7af6]
2023-01-19 15:41:21.996  INFO []  [           main] o.s.s.web.DefaultSecurityFilterChain     : Will secure Or [Ant [pattern='/api/asr/session/audio/**'], Ant [pattern='/api/asr/audio/**']] with [org.springframework.security.web.session.DisableEncodeUrlFilter@b849fa6, org.springframework.security.web.context.request.async.WebAsyncManagerIntegrationFilter@7fbbdd8a, org.springframework.security.web.context.SecurityContextPersistenceFilter@4a5066f5, org.springframework.security.web.header.HeaderWriterFilter@66b40dd3, org.springframework.security.web.authentication.logout.LogoutFilter@1d1c63af, org.springframework.security.web.authentication.www.DigestAuthenticationFilter@4e9ea32f, org.springframework.security.web.savedrequest.RequestCacheAwareFilter@578d472a, org.springframework.security.web.servletapi.SecurityContextHolderAwareRequestFilter@1191029d, org.springframework.security.web.authentication.AnonymousAuthenticationFilter@79ec57b8, org.springframework.security.web.session.SessionManagementFilter@7296fe0b, org.springframework.security.web.access.ExceptionTranslationFilter@5c3007d, org.springframework.security.web.access.intercept.FilterSecurityInterceptor@586486c]
2023-01-19 15:41:22.004  INFO []  [           main] o.s.s.web.DefaultSecurityFilterChain     : Will secure Or [Ant [pattern='/monitoring*/**'], Ant [pattern='/util*/**'], Ant [pattern='/actuator/**'], Ant [pattern='/license/**']] with [org.springframework.security.web.session.DisableEncodeUrlFilter@6207145c, org.springframework.security.web.context.request.async.WebAsyncManagerIntegrationFilter@2a259f6f, org.springframework.security.web.context.SecurityContextPersistenceFilter@409395b9, org.springframework.security.web.header.HeaderWriterFilter@d271a54, org.springframework.security.web.authentication.logout.LogoutFilter@12200670, org.springframework.security.web.authentication.www.BasicAuthenticationFilter@1eabfad5, org.springframework.security.web.savedrequest.RequestCacheAwareFilter@53e82089, org.springframework.security.web.servletapi.SecurityContextHolderAwareRequestFilter@66a8751a, org.springframework.security.web.authentication.AnonymousAuthenticationFilter@7ccf6114, org.springframework.security.web.session.SessionManagementFilter@6ff8e744, org.springframework.security.web.access.ExceptionTranslationFilter@c83ed77, org.springframework.security.web.access.intercept.FilterSecurityInterceptor@6a878778]
2023-01-19 15:41:22.009  INFO []  [           main] o.s.s.web.DefaultSecurityFilterChain     : Will secure Or [Ant [pattern='/ws/**']] with [org.springframework.security.web.session.DisableEncodeUrlFilter@76ed7573, org.springframework.security.web.context.request.async.WebAsyncManagerIntegrationFilter@51df2a41, org.springframework.security.web.context.SecurityContextPersistenceFilter@5c9b5e62, org.springframework.security.web.header.HeaderWriterFilter@416b681c, org.springframework.security.web.authentication.logout.LogoutFilter@521c67f0, org.springframework.security.web.authentication.www.BasicAuthenticationFilter@64d93096, org.springframework.security.web.savedrequest.RequestCacheAwareFilter@3c826498, org.springframework.security.web.servletapi.SecurityContextHolderAwareRequestFilter@2633d09c, org.springframework.security.web.authentication.AnonymousAuthenticationFilter@517bdce0, org.springframework.security.web.session.SessionManagementFilter@46d69ca4, org.springframework.security.web.access.ExceptionTranslationFilter@6fcc0a1, org.springframework.security.web.access.intercept.FilterSecurityInterceptor@32e65852]
2023-01-19 15:41:22.835  INFO []  [           main] o.s.b.a.e.web.EndpointLinksResolver      : Exposing 19 endpoint(s) beneath base path '/actuator'
2023-01-19 15:41:24.095  INFO []  [           main] o.e.j.s.h.ContextHandler.application     : Initializing Spring DispatcherServlet 'dispatcherServlet'
2023-01-19 15:41:24.095  INFO []  [           main] o.s.web.servlet.DispatcherServlet        : Initializing Servlet 'dispatcherServlet'
2023-01-19 15:41:24.099  INFO []  [           main] o.s.web.servlet.DispatcherServlet        : Completed initialization in 4 ms
2023-01-19 15:41:24.126  INFO []  [           main] o.e.jetty.server.AbstractConnector       : Started ServerConnector@566d0c69{HTTP/1.1, (http/1.1)}{0.0.0.0:8282}
2023-01-19 15:41:24.129  INFO []  [           main] o.s.b.web.embedded.jetty.JettyWebServer  : Jetty started on port(s) 8282 (http/1.1) with context path '/'
2023-01-19 15:41:24.143  INFO []  [           main] o.s.m.s.b.SimpleBrokerMessageHandler     : Starting...
2023-01-19 15:41:24.144  INFO []  [           main] o.s.m.s.b.SimpleBrokerMessageHandler     : BrokerAvailabilityEvent[available=true, SimpleBrokerMessageHandler [org.springframework.messaging.simp.broker.DefaultSubscriptionRegistry@7ca0166c]]
2023-01-19 15:41:24.145  INFO []  [           main] o.s.m.s.b.SimpleBrokerMessageHandler     : Started.
2023-01-19 15:41:24.170  INFO []  [           main] n.d.b.g.s.s.AbstractGrpcServerFactory    : Registered gRPC service: ru.naumen.levitan.grpc.v1.StreamingAsrService, bean: streamAsrServiceImpl, class: ru.naumen.levitan.grpc.StreamAsrServiceImpl
2023-01-19 15:41:24.170  INFO []  [           main] n.d.b.g.s.s.AbstractGrpcServerFactory    : Registered gRPC service: grpc.health.v1.Health, bean: grpcHealthService, class: io.grpc.services.HealthServiceImpl
2023-01-19 15:41:24.171  INFO []  [           main] n.d.b.g.s.s.AbstractGrpcServerFactory    : Registered gRPC service: grpc.reflection.v1alpha.ServerReflection, bean: protoReflectionService, class: io.grpc.protobuf.services.ProtoReflectionService
2023-01-19 15:41:24.552  INFO []  [           main] n.d.b.g.s.s.GrpcServerLifecycle          : gRPC Server started, listening on address: *, port: 9282
2023-01-19 15:41:24.627  INFO []  [           main] ru.naumen.levitan.Application            : Started Application in 34.076 seconds (JVM running for 35.881)
2023-01-19 15:41:24.657  INFO []  [nition_thread_0] r.n.l.s.f.RecognitionFileServiceImpl     : recognition thread started
2023-01-19 15:42:17.910  INFO []  [MessageBroker-5] o.s.w.s.c.WebSocketMessageBrokerStats    : WebSocketSession[0 current WS(0)-HttpStream(0)-HttpPoll(0), 0 total, 0 closed abnormally (0 connect failure, 0 send limit, 0 transport error)], stompSubProtocol[processed CONNECT(0)-CONNECTED(0)-DISCONNECT(0)], stompBrokerRelay[null], inboundChannel[pool size = 0, active threads = 0, queued tasks = 0, completed tasks = 0], outboundChannel[pool size = 0, active threads = 0, queued tasks = 0, completed tasks = 0], sockJsScheduler[pool size = 8, active threads = 1, queued tasks = 9, completed tasks = 5]
2023-01-19 15:43:24.640  INFO [req_roqgkc#1]  [qtp206310209-27] ru.naumen.chat.web.LogFilter             : http://192.168.210.175:8282/api/asr/session/create?sessionId=node_domain_0_nauss_0_1674106961_20_null_2&version=4  - [ok], ip: 172.19.0.1, method: POST, http-status: 400, content-type: , content-length: , user-agent: Java-SDK, sid: node02obmxu17fex01lqsp6ikt6pnl0,  [741 ms]
2023-01-19 15:50:00.007  INFO [scheduledTokenActualization_Egwn]  [MessageBroker-4] r.n.l.s.a.yandex.YandexTokenServiceImpl  : scheduledTokenActualization - [ok],  [2 ms]
2023-01-19 15:50:00.008  INFO [logClusterInfo_CRKb]  [MessageBroker-7] r.n.c.c.c.impl.ClusterSyncServiceImpl    : logClusterInfo - [{machineIdsByMemberId={9b4abdf0-f0f5-4112-af98-efc013924a4a=0}, hazelcastMemberIds=[9b4abdf0-f0f5-4112-af98-efc013924a4a], machineId=0, memberId=9b4abdf0-f0f5-4112-af98-efc013924a4a}],  [8 ms]
